2024-12-12T03:13:24.275+05:30  WARN 11008 --- [backend] [HikariPool-1 housekeeper] com.zaxxer.hikari.pool.HikariPool        : HikariPool-1 - Thread starvation or clock leap detected (housekeeper delta=6h56m564ms532µs700ns).
2024-12-12T08:24:53.638+05:30  INFO 13768 --- [backend] [restartedMain] com.example.backend.BackendApplication   : Starting BackendApplication using Java 17.0.10 with PID 13768 (D:\oop_cw\backend\target\classes started by Janul in D:\oop_cw\backend)
2024-12-12T08:24:53.650+05:30  INFO 13768 --- [backend] [restartedMain] com.example.backend.BackendApplication   : No active profile set, falling back to 1 default profile: "default"
2024-12-12T08:24:53.791+05:30  INFO 13768 --- [backend] [restartedMain] .e.DevToolsPropertyDefaultsPostProcessor : Devtools property defaults active! Set 'spring.devtools.add-properties' to 'false' to disable
2024-12-12T08:24:53.793+05:30  INFO 13768 --- [backend] [restartedMain] .e.DevToolsPropertyDefaultsPostProcessor : For additional web related logging consider setting the 'logging.level.web' property to 'DEBUG'
2024-12-12T08:24:55.511+05:30  INFO 13768 --- [backend] [restartedMain] .s.d.r.c.RepositoryConfigurationDelegate : Bootstrapping Spring Data JPA repositories in DEFAULT mode.
2024-12-12T08:24:55.707+05:30  INFO 13768 --- [backend] [restartedMain] .s.d.r.c.RepositoryConfigurationDelegate : Finished Spring Data repository scanning in 175 ms. Found 1 JPA repository interface.
2024-12-12T08:24:57.247+05:30  INFO 13768 --- [backend] [restartedMain] o.s.b.w.embedded.tomcat.TomcatWebServer  : Tomcat initialized with port 8080 (http)
2024-12-12T08:24:57.286+05:30  INFO 13768 --- [backend] [restartedMain] o.apache.catalina.core.StandardService   : Starting service [Tomcat]
2024-12-12T08:24:57.288+05:30  INFO 13768 --- [backend] [restartedMain] o.apache.catalina.core.StandardEngine    : Starting Servlet engine: [Apache Tomcat/10.1.31]
2024-12-12T08:24:57.424+05:30  INFO 13768 --- [backend] [restartedMain] o.a.c.c.C.[Tomcat].[localhost].[/]       : Initializing Spring embedded WebApplicationContext
2024-12-12T08:24:57.426+05:30  INFO 13768 --- [backend] [restartedMain] w.s.c.ServletWebServerApplicationContext : Root WebApplicationContext: initialization completed in 3629 ms
2024-12-12T08:24:57.774+05:30  INFO 13768 --- [backend] [restartedMain] com.zaxxer.hikari.HikariDataSource       : HikariPool-1 - Starting...
2024-12-12T08:24:58.058+05:30  INFO 13768 --- [backend] [restartedMain] com.zaxxer.hikari.pool.HikariPool        : HikariPool-1 - Added connection org.sqlite.jdbc4.JDBC4Connection@1a5d38f0
2024-12-12T08:24:58.063+05:30  INFO 13768 --- [backend] [restartedMain] com.zaxxer.hikari.HikariDataSource       : HikariPool-1 - Start completed.
2024-12-12T08:24:58.231+05:30  INFO 13768 --- [backend] [restartedMain] o.hibernate.jpa.internal.util.LogHelper  : HHH000204: Processing PersistenceUnitInfo [name: default]
2024-12-12T08:24:58.501+05:30  INFO 13768 --- [backend] [restartedMain] org.hibernate.Version                    : HHH000412: Hibernate ORM core version 6.4.10.Final
2024-12-12T08:24:58.676+05:30  INFO 13768 --- [backend] [restartedMain] o.h.c.internal.RegionFactoryInitiator    : HHH000026: Second-level cache disabled
2024-12-12T08:24:59.367+05:30  INFO 13768 --- [backend] [restartedMain] o.s.o.j.p.SpringPersistenceUnitInfo      : No LoadTimeWeaver setup: ignoring JPA class transformer
2024-12-12T08:25:01.051+05:30  INFO 13768 --- [backend] [restartedMain] o.h.m.i.EntityInstantiatorPojoStandard   : HHH000182: No default (no-argument) constructor for class: com.example.backend.model.Ticket (class must be instantiated by Interceptor)
2024-12-12T08:25:01.463+05:30  INFO 13768 --- [backend] [restartedMain] o.h.e.t.j.p.i.JtaPlatformInitiator       : HHH000489: No JTA platform available (set 'hibernate.transaction.jta.platform' to enable JTA platform integration)
2024-12-12T08:25:01.472+05:30  INFO 13768 --- [backend] [restartedMain] j.LocalContainerEntityManagerFactoryBean : Initialized JPA EntityManagerFactory for persistence unit 'default'
2024-12-12T08:25:02.620+05:30  WARN 13768 --- [backend] [restartedMain] JpaBaseConfiguration$JpaWebConfiguration : spring.jpa.open-in-view is enabled by default. Therefore, database queries may be performed during view rendering. Explicitly configure spring.jpa.open-in-view to disable this warning
2024-12-12T08:25:03.293+05:30  INFO 13768 --- [backend] [restartedMain] o.s.b.d.a.OptionalLiveReloadServer       : LiveReload server is running on port 35729
2024-12-12T08:25:03.372+05:30  INFO 13768 --- [backend] [restartedMain] o.s.b.w.embedded.tomcat.TomcatWebServer  : Tomcat started on port 8080 (http) with context path ''
2024-12-12T08:25:03.377+05:30  INFO 13768 --- [backend] [restartedMain] o.s.m.s.b.SimpleBrokerMessageHandler     : Starting...
2024-12-12T08:25:03.385+05:30  INFO 13768 --- [backend] [restartedMain] o.s.m.s.b.SimpleBrokerMessageHandler     : BrokerAvailabilityEvent[available=true, SimpleBrokerMessageHandler [org.springframework.messaging.simp.broker.DefaultSubscriptionRegistry@5789a303]]
2024-12-12T08:25:03.388+05:30  INFO 13768 --- [backend] [restartedMain] o.s.m.s.b.SimpleBrokerMessageHandler     : Started.
2024-12-12T08:25:03.409+05:30  INFO 13768 --- [backend] [restartedMain] com.example.backend.BackendApplication   : Started BackendApplication in 10.759 seconds (process running for 11.939)
2024-12-12T08:25:45.694+05:30  INFO 13768 --- [backend] [http-nio-8080-exec-1] o.a.c.c.C.[Tomcat].[localhost].[/]       : Initializing Spring DispatcherServlet 'dispatcherServlet'
2024-12-12T08:25:45.697+05:30  INFO 13768 --- [backend] [http-nio-8080-exec-1] o.s.web.servlet.DispatcherServlet        : Initializing Servlet 'dispatcherServlet'
2024-12-12T08:25:45.701+05:30  INFO 13768 --- [backend] [http-nio-8080-exec-1] o.s.web.servlet.DispatcherServlet        : Completed initialization in 3 ms
2024-12-12T08:26:03.340+05:30  INFO 13768 --- [backend] [MessageBroker-1] o.s.w.s.c.WebSocketMessageBrokerStats    : WebSocketSession[0 current WS(0)-HttpStream(0)-HttpPoll(0), 0 total, 0 closed abnormally (0 connect failure, 0 send limit, 0 transport error)], stompSubProtocol[processed CONNECT(0)-CONNECTED(0)-DISCONNECT(0)], stompBrokerRelay[null], inboundChannel[pool size = 0, active threads = 0, queued tasks = 0, completed tasks = 0], outboundChannel[pool size = 0, active threads = 0, queued tasks = 0, completed tasks = 0], sockJsScheduler[pool size = 1, active threads = 1, queued tasks = 0, completed tasks = 0]
2024-12-12T08:26:16.493+05:30  INFO 13768 --- [backend] [http-nio-8080-exec-4] com.example.backend.service.Simulation   : Vendors created: 1
2024-12-12T08:26:40.040+05:30  INFO 13768 --- [backend] [http-nio-8080-exec-6] com.example.backend.service.Simulation   : Customers created: 1
2024-12-12T08:26:43.108+05:30  INFO 13768 --- [backend] [Thread-7] com.example.backend.model.Vendor         : Vendor: 1 added ticket: 1-T1 with price: 500.0
2024-12-12T08:26:44.129+05:30  INFO 13768 --- [backend] [Thread-7] com.example.backend.model.Vendor         : Vendor: 1 added ticket: 1-T2 with price: 500.0
2024-12-12T08:26:45.134+05:30  INFO 13768 --- [backend] [Thread-7] com.example.backend.model.Vendor         : Vendor: 1 added ticket: 1-T3 with price: 500.0
2024-12-12T08:26:46.137+05:30  INFO 13768 --- [backend] [Thread-7] com.example.backend.model.Vendor         : Vendor: 1 added ticket: 1-T4 with price: 500.0
2024-12-12T08:26:47.141+05:30  INFO 13768 --- [backend] [Thread-7] com.example.backend.model.Vendor         : Vendor: 1 added ticket: 1-T5 with price: 500.0
2024-12-12T08:26:47.141+05:30  INFO 13768 --- [backend] [Thread-8] com.example.backend.model.Customer       : John purchased ticket 1-T1 from vendor 1
2024-12-12T08:26:48.146+05:30  INFO 13768 --- [backend] [Thread-7] com.example.backend.model.Vendor         : Vendor: 1 added ticket: 1-T6 with price: 500.0
2024-12-12T08:26:48.146+05:30  INFO 13768 --- [backend] [Thread-8] com.example.backend.model.Customer       : John purchased ticket 1-T2 from vendor 1
2024-12-12T08:26:49.168+05:30  INFO 13768 --- [backend] [Thread-8] com.example.backend.model.Customer       : John purchased ticket 1-T3 from vendor 1
2024-12-12T08:26:49.170+05:30  INFO 13768 --- [backend] [Thread-7] com.example.backend.model.Vendor         : Vendor: 1 added ticket: 1-T7 with price: 500.0
2024-12-12T08:26:50.170+05:30  INFO 13768 --- [backend] [Thread-8] com.example.backend.model.Customer       : John purchased ticket 1-T4 from vendor 1
2024-12-12T08:26:50.173+05:30  INFO 13768 --- [backend] [Thread-7] com.example.backend.model.Vendor         : Vendor: 1 added ticket: 1-T8 with price: 500.0
2024-12-12T08:26:51.173+05:30  INFO 13768 --- [backend] [Thread-8] com.example.backend.model.Customer       : John purchased ticket 1-T5 from vendor 1
2024-12-12T08:26:51.177+05:30  INFO 13768 --- [backend] [Thread-7] com.example.backend.model.Vendor         : Vendor: 1 added ticket: 1-T9 with price: 500.0
2024-12-12T08:26:52.180+05:30  INFO 13768 --- [backend] [Thread-7] com.example.backend.model.Vendor         : Vendor: 1 added ticket: 1-T10 with price: 500.0
2024-12-12T08:26:53.185+05:30  INFO 13768 --- [backend] [http-nio-8080-exec-7] com.example.backend.service.Simulation   : Simulation finished. Remaining tickets: 5
2024-12-12T08:27:48.257+05:30  INFO 11744 --- [backend] [restartedMain] com.example.backend.BackendApplication   : Starting BackendApplication using Java 17.0.10 with PID 11744 (D:\oop_cw\backend\target\classes started by Janul in D:\oop_cw\backend)
2024-12-12T08:27:48.263+05:30  INFO 11744 --- [backend] [restartedMain] com.example.backend.BackendApplication   : No active profile set, falling back to 1 default profile: "default"
2024-12-12T08:27:48.376+05:30  INFO 11744 --- [backend] [restartedMain] .e.DevToolsPropertyDefaultsPostProcessor : Devtools property defaults active! Set 'spring.devtools.add-properties' to 'false' to disable
2024-12-12T08:27:48.380+05:30  INFO 11744 --- [backend] [restartedMain] .e.DevToolsPropertyDefaultsPostProcessor : For additional web related logging consider setting the 'logging.level.web' property to 'DEBUG'
2024-12-12T08:27:50.002+05:30  INFO 11744 --- [backend] [restartedMain] .s.d.r.c.RepositoryConfigurationDelegate : Bootstrapping Spring Data JPA repositories in DEFAULT mode.
2024-12-12T08:27:50.166+05:30  INFO 11744 --- [backend] [restartedMain] .s.d.r.c.RepositoryConfigurationDelegate : Finished Spring Data repository scanning in 142 ms. Found 1 JPA repository interface.
2024-12-12T08:27:51.760+05:30  INFO 11744 --- [backend] [restartedMain] o.s.b.w.embedded.tomcat.TomcatWebServer  : Tomcat initialized with port 8080 (http)
2024-12-12T08:27:51.795+05:30  INFO 11744 --- [backend] [restartedMain] o.apache.catalina.core.StandardService   : Starting service [Tomcat]
2024-12-12T08:27:51.797+05:30  INFO 11744 --- [backend] [restartedMain] o.apache.catalina.core.StandardEngine    : Starting Servlet engine: [Apache Tomcat/10.1.31]
2024-12-12T08:27:51.952+05:30  INFO 11744 --- [backend] [restartedMain] o.a.c.c.C.[Tomcat].[localhost].[/]       : Initializing Spring embedded WebApplicationContext
2024-12-12T08:27:51.954+05:30  INFO 11744 --- [backend] [restartedMain] w.s.c.ServletWebServerApplicationContext : Root WebApplicationContext: initialization completed in 3571 ms
2024-12-12T08:27:52.310+05:30  INFO 11744 --- [backend] [restartedMain] com.zaxxer.hikari.HikariDataSource       : HikariPool-1 - Starting...
2024-12-12T08:27:52.626+05:30  INFO 11744 --- [backend] [restartedMain] com.zaxxer.hikari.pool.HikariPool        : HikariPool-1 - Added connection org.sqlite.jdbc4.JDBC4Connection@2119a120
2024-12-12T08:27:52.631+05:30  INFO 11744 --- [backend] [restartedMain] com.zaxxer.hikari.HikariDataSource       : HikariPool-1 - Start completed.
2024-12-12T08:27:52.749+05:30  INFO 11744 --- [backend] [restartedMain] o.hibernate.jpa.internal.util.LogHelper  : HHH000204: Processing PersistenceUnitInfo [name: default]
2024-12-12T08:27:52.953+05:30  INFO 11744 --- [backend] [restartedMain] org.hibernate.Version                    : HHH000412: Hibernate ORM core version 6.4.10.Final
2024-12-12T08:27:53.064+05:30  INFO 11744 --- [backend] [restartedMain] o.h.c.internal.RegionFactoryInitiator    : HHH000026: Second-level cache disabled
2024-12-12T08:27:54.040+05:30  INFO 11744 --- [backend] [restartedMain] o.s.o.j.p.SpringPersistenceUnitInfo      : No LoadTimeWeaver setup: ignoring JPA class transformer
2024-12-12T08:27:56.164+05:30  INFO 11744 --- [backend] [restartedMain] o.h.m.i.EntityInstantiatorPojoStandard   : HHH000182: No default (no-argument) constructor for class: com.example.backend.model.Ticket (class must be instantiated by Interceptor)
2024-12-12T08:27:56.747+05:30  INFO 11744 --- [backend] [restartedMain] o.h.e.t.j.p.i.JtaPlatformInitiator       : HHH000489: No JTA platform available (set 'hibernate.transaction.jta.platform' to enable JTA platform integration)
2024-12-12T08:27:56.755+05:30  INFO 11744 --- [backend] [restartedMain] j.LocalContainerEntityManagerFactoryBean : Initialized JPA EntityManagerFactory for persistence unit 'default'
2024-12-12T08:27:57.834+05:30  WARN 11744 --- [backend] [restartedMain] JpaBaseConfiguration$JpaWebConfiguration : spring.jpa.open-in-view is enabled by default. Therefore, database queries may be performed during view rendering. Explicitly configure spring.jpa.open-in-view to disable this warning
2024-12-12T08:27:58.502+05:30  INFO 11744 --- [backend] [restartedMain] o.s.b.d.a.OptionalLiveReloadServer       : LiveReload server is running on port 35729
2024-12-12T08:27:58.581+05:30  INFO 11744 --- [backend] [restartedMain] o.s.b.w.embedded.tomcat.TomcatWebServer  : Tomcat started on port 8080 (http) with context path ''
2024-12-12T08:27:58.586+05:30  INFO 11744 --- [backend] [restartedMain] o.s.m.s.b.SimpleBrokerMessageHandler     : Starting...
2024-12-12T08:27:58.593+05:30  INFO 11744 --- [backend] [restartedMain] o.s.m.s.b.SimpleBrokerMessageHandler     : BrokerAvailabilityEvent[available=true, SimpleBrokerMessageHandler [org.springframework.messaging.simp.broker.DefaultSubscriptionRegistry@259cac1a]]
2024-12-12T08:27:58.596+05:30  INFO 11744 --- [backend] [restartedMain] o.s.m.s.b.SimpleBrokerMessageHandler     : Started.
2024-12-12T08:27:58.622+05:30  INFO 11744 --- [backend] [restartedMain] com.example.backend.BackendApplication   : Started BackendApplication in 11.269 seconds (process running for 12.256)
2024-12-12T08:28:49.536+05:30  INFO 11744 --- [backend] [http-nio-8080-exec-1] o.a.c.c.C.[Tomcat].[localhost].[/]       : Initializing Spring DispatcherServlet 'dispatcherServlet'
2024-12-12T08:28:49.538+05:30  INFO 11744 --- [backend] [http-nio-8080-exec-1] o.s.web.servlet.DispatcherServlet        : Initializing Servlet 'dispatcherServlet'
2024-12-12T08:28:49.542+05:30  INFO 11744 --- [backend] [http-nio-8080-exec-1] o.s.web.servlet.DispatcherServlet        : Completed initialization in 3 ms
2024-12-12T08:28:58.552+05:30  INFO 11744 --- [backend] [MessageBroker-1] o.s.w.s.c.WebSocketMessageBrokerStats    : WebSocketSession[0 current WS(0)-HttpStream(0)-HttpPoll(0), 0 total, 0 closed abnormally (0 connect failure, 0 send limit, 0 transport error)], stompSubProtocol[processed CONNECT(0)-CONNECTED(0)-DISCONNECT(0)], stompBrokerRelay[null], inboundChannel[pool size = 0, active threads = 0, queued tasks = 0, completed tasks = 0], outboundChannel[pool size = 0, active threads = 0, queued tasks = 0, completed tasks = 0], sockJsScheduler[pool size = 1, active threads = 1, queued tasks = 0, completed tasks = 0]
2024-12-12T08:30:04.574+05:30  INFO 11744 --- [backend] [http-nio-8080-exec-3] com.example.backend.service.Simulation   : Vendors created: 1
2024-12-12T08:30:15.079+05:30  INFO 11744 --- [backend] [http-nio-8080-exec-4] com.example.backend.service.Simulation   : Customers created: 1
2024-12-12T08:30:17.687+05:30  INFO 11744 --- [backend] [Thread-7] com.example.backend.model.Vendor         : Vendor: 1 added ticket: 1-T1 with price: 500.0
2024-12-12T08:30:18.703+05:30  INFO 11744 --- [backend] [Thread-7] com.example.backend.model.Vendor         : Vendor: 1 added ticket: 1-T2 with price: 500.0
2024-12-12T08:30:19.706+05:30  INFO 11744 --- [backend] [Thread-7] com.example.backend.model.Vendor         : Vendor: 1 added ticket: 1-T3 with price: 500.0
2024-12-12T08:30:20.728+05:30  INFO 11744 --- [backend] [Thread-7] com.example.backend.model.Vendor         : Vendor: 1 added ticket: 1-T4 with price: 500.0
2024-12-12T08:30:21.755+05:30  INFO 11744 --- [backend] [Thread-7] com.example.backend.model.Vendor         : Vendor: 1 added ticket: 1-T5 with price: 500.0
2024-12-12T08:30:21.755+05:30  INFO 11744 --- [backend] [Thread-8] com.example.backend.model.Customer       : John purchased ticket 1-T1 from vendor 1
2024-12-12T08:30:22.756+05:30  INFO 11744 --- [backend] [Thread-8] com.example.backend.model.Customer       : John purchased ticket 1-T2 from vendor 1
2024-12-12T08:30:22.757+05:30  INFO 11744 --- [backend] [Thread-7] com.example.backend.model.Vendor         : Vendor: 1 added ticket: 1-T6 with price: 500.0
2024-12-12T08:30:23.759+05:30  INFO 11744 --- [backend] [Thread-8] com.example.backend.model.Customer       : John purchased ticket 1-T3 from vendor 1
2024-12-12T08:30:23.759+05:30  INFO 11744 --- [backend] [Thread-7] com.example.backend.model.Vendor         : Vendor: 1 added ticket: 1-T7 with price: 500.0
2024-12-12T08:30:24.761+05:30  INFO 11744 --- [backend] [Thread-8] com.example.backend.model.Customer       : John purchased ticket 1-T4 from vendor 1
2024-12-12T08:30:24.761+05:30  INFO 11744 --- [backend] [Thread-7] com.example.backend.model.Vendor         : Vendor: 1 added ticket: 1-T8 with price: 500.0
2024-12-12T08:30:25.763+05:30  INFO 11744 --- [backend] [Thread-8] com.example.backend.model.Customer       : John purchased ticket 1-T5 from vendor 1
2024-12-12T08:30:25.763+05:30  INFO 11744 --- [backend] [Thread-7] com.example.backend.model.Vendor         : Vendor: 1 added ticket: 1-T9 with price: 500.0
2024-12-12T08:30:26.765+05:30  INFO 11744 --- [backend] [Thread-7] com.example.backend.model.Vendor         : Vendor: 1 added ticket: 1-T10 with price: 500.0
2024-12-12T08:30:27.767+05:30  INFO 11744 --- [backend] [http-nio-8080-exec-5] com.example.backend.service.Simulation   : Simulation finished. Remaining tickets: 5
2024-12-12T08:30:37.429+05:30  INFO 11744 --- [backend] [http-nio-8080-exec-6] com.example.backend.service.Simulation   : Simulation stopped.
2024-12-12T08:30:59.798+05:30  INFO 11744 --- [backend] [Thread-9] com.example.backend.model.Vendor         : Vendor: 1 added ticket: 1-T1 with price: 12.0
2024-12-12T08:30:59.804+05:30  INFO 11744 --- [backend] [http-nio-8080-exec-8] c.example.backend.service.VendorService  : vendor finished adding tickets. ticket pool size: 6
2024-12-12T08:31:08.534+05:30  INFO 11744 --- [backend] [SpringApplicationShutdownHook] o.s.m.s.b.SimpleBrokerMessageHandler     : Stopping...
2024-12-12T08:31:08.535+05:30  INFO 11744 --- [backend] [SpringApplicationShutdownHook] o.s.m.s.b.SimpleBrokerMessageHandler     : BrokerAvailabilityEvent[available=false, SimpleBrokerMessageHandler [org.springframework.messaging.simp.broker.DefaultSubscriptionRegistry@259cac1a]]
2024-12-12T08:31:08.536+05:30  INFO 11744 --- [backend] [SpringApplicationShutdownHook] o.s.m.s.b.SimpleBrokerMessageHandler     : Stopped.
2024-12-12T08:31:08.791+05:30  INFO 11744 --- [backend] [SpringApplicationShutdownHook] j.LocalContainerEntityManagerFactoryBean : Closing JPA EntityManagerFactory for persistence unit 'default'
2024-12-12T08:31:08.796+05:30  INFO 11744 --- [backend] [SpringApplicationShutdownHook] com.zaxxer.hikari.HikariDataSource       : HikariPool-1 - Shutdown initiated...
2024-12-12T08:31:08.801+05:30  INFO 11744 --- [backend] [SpringApplicationShutdownHook] com.zaxxer.hikari.HikariDataSource       : HikariPool-1 - Shutdown completed.
2024-12-12T08:31:25.642+05:30  INFO 15828 --- [backend] [restartedMain] com.example.backend.BackendApplication   : Starting BackendApplication using Java 17.0.10 with PID 15828 (D:\oop_cw\backend\target\classes started by Janul in D:\oop_cw\backend)
2024-12-12T08:31:25.650+05:30  INFO 15828 --- [backend] [restartedMain] com.example.backend.BackendApplication   : No active profile set, falling back to 1 default profile: "default"
2024-12-12T08:31:25.749+05:30  INFO 15828 --- [backend] [restartedMain] .e.DevToolsPropertyDefaultsPostProcessor : Devtools property defaults active! Set 'spring.devtools.add-properties' to 'false' to disable
2024-12-12T08:31:25.751+05:30  INFO 15828 --- [backend] [restartedMain] .e.DevToolsPropertyDefaultsPostProcessor : For additional web related logging consider setting the 'logging.level.web' property to 'DEBUG'
2024-12-12T08:31:27.330+05:30  INFO 15828 --- [backend] [restartedMain] .s.d.r.c.RepositoryConfigurationDelegate : Bootstrapping Spring Data JPA repositories in DEFAULT mode.
2024-12-12T08:31:27.489+05:30  INFO 15828 --- [backend] [restartedMain] .s.d.r.c.RepositoryConfigurationDelegate : Finished Spring Data repository scanning in 137 ms. Found 1 JPA repository interface.
2024-12-12T08:31:28.981+05:30  INFO 15828 --- [backend] [restartedMain] o.s.b.w.embedded.tomcat.TomcatWebServer  : Tomcat initialized with port 8080 (http)
2024-12-12T08:31:29.014+05:30  INFO 15828 --- [backend] [restartedMain] o.apache.catalina.core.StandardService   : Starting service [Tomcat]
2024-12-12T08:31:29.016+05:30  INFO 15828 --- [backend] [restartedMain] o.apache.catalina.core.StandardEngine    : Starting Servlet engine: [Apache Tomcat/10.1.31]
2024-12-12T08:31:29.136+05:30  INFO 15828 --- [backend] [restartedMain] o.a.c.c.C.[Tomcat].[localhost].[/]       : Initializing Spring embedded WebApplicationContext
2024-12-12T08:31:29.137+05:30  INFO 15828 --- [backend] [restartedMain] w.s.c.ServletWebServerApplicationContext : Root WebApplicationContext: initialization completed in 3384 ms
2024-12-12T08:31:29.416+05:30  INFO 15828 --- [backend] [restartedMain] com.zaxxer.hikari.HikariDataSource       : HikariPool-1 - Starting...
2024-12-12T08:31:29.657+05:30  INFO 15828 --- [backend] [restartedMain] com.zaxxer.hikari.pool.HikariPool        : HikariPool-1 - Added connection org.sqlite.jdbc4.JDBC4Connection@2fd579ab
2024-12-12T08:31:29.662+05:30  INFO 15828 --- [backend] [restartedMain] com.zaxxer.hikari.HikariDataSource       : HikariPool-1 - Start completed.
2024-12-12T08:31:29.766+05:30  INFO 15828 --- [backend] [restartedMain] o.hibernate.jpa.internal.util.LogHelper  : HHH000204: Processing PersistenceUnitInfo [name: default]
2024-12-12T08:31:29.923+05:30  INFO 15828 --- [backend] [restartedMain] org.hibernate.Version                    : HHH000412: Hibernate ORM core version 6.4.10.Final
2024-12-12T08:31:29.994+05:30  INFO 15828 --- [backend] [restartedMain] o.h.c.internal.RegionFactoryInitiator    : HHH000026: Second-level cache disabled
2024-12-12T08:31:30.452+05:30  INFO 15828 --- [backend] [restartedMain] o.s.o.j.p.SpringPersistenceUnitInfo      : No LoadTimeWeaver setup: ignoring JPA class transformer
2024-12-12T08:31:32.039+05:30  INFO 15828 --- [backend] [restartedMain] o.h.m.i.EntityInstantiatorPojoStandard   : HHH000182: No default (no-argument) constructor for class: com.example.backend.model.Ticket (class must be instantiated by Interceptor)
2024-12-12T08:31:32.404+05:30  INFO 15828 --- [backend] [restartedMain] o.h.e.t.j.p.i.JtaPlatformInitiator       : HHH000489: No JTA platform available (set 'hibernate.transaction.jta.platform' to enable JTA platform integration)
2024-12-12T08:31:32.413+05:30  INFO 15828 --- [backend] [restartedMain] j.LocalContainerEntityManagerFactoryBean : Initialized JPA EntityManagerFactory for persistence unit 'default'
2024-12-12T08:31:33.532+05:30  WARN 15828 --- [backend] [restartedMain] JpaBaseConfiguration$JpaWebConfiguration : spring.jpa.open-in-view is enabled by default. Therefore, database queries may be performed during view rendering. Explicitly configure spring.jpa.open-in-view to disable this warning
2024-12-12T08:31:34.161+05:30  INFO 15828 --- [backend] [restartedMain] o.s.b.d.a.OptionalLiveReloadServer       : LiveReload server is running on port 35729
2024-12-12T08:31:34.237+05:30  INFO 15828 --- [backend] [restartedMain] o.s.b.w.embedded.tomcat.TomcatWebServer  : Tomcat started on port 8080 (http) with context path ''
2024-12-12T08:31:34.242+05:30  INFO 15828 --- [backend] [restartedMain] o.s.m.s.b.SimpleBrokerMessageHandler     : Starting...
2024-12-12T08:31:34.251+05:30  INFO 15828 --- [backend] [restartedMain] o.s.m.s.b.SimpleBrokerMessageHandler     : BrokerAvailabilityEvent[available=true, SimpleBrokerMessageHandler [org.springframework.messaging.simp.broker.DefaultSubscriptionRegistry@1c19d56e]]
2024-12-12T08:31:34.253+05:30  INFO 15828 --- [backend] [restartedMain] o.s.m.s.b.SimpleBrokerMessageHandler     : Started.
2024-12-12T08:31:34.275+05:30  INFO 15828 --- [backend] [restartedMain] com.example.backend.BackendApplication   : Started BackendApplication in 9.633 seconds (process running for 10.606)
2024-12-12T08:31:35.100+05:30  INFO 15828 --- [backend] [http-nio-8080-exec-1] o.a.c.c.C.[Tomcat].[localhost].[/]       : Initializing Spring DispatcherServlet 'dispatcherServlet'
2024-12-12T08:31:35.102+05:30  INFO 15828 --- [backend] [http-nio-8080-exec-1] o.s.web.servlet.DispatcherServlet        : Initializing Servlet 'dispatcherServlet'
2024-12-12T08:31:35.105+05:30  INFO 15828 --- [backend] [http-nio-8080-exec-1] o.s.web.servlet.DispatcherServlet        : Completed initialization in 2 ms
2024-12-12T08:31:55.414+05:30  INFO 15828 --- [backend] [Thread-7] com.example.backend.model.Vendor         : Vendor: 1 added ticket: 1-T1 with price: 455.0
2024-12-12T08:31:55.419+05:30  INFO 15828 --- [backend] [http-nio-8080-exec-3] c.example.backend.service.VendorService  : vendor finished adding tickets. ticket pool size: 1
