2024-12-05T16:51:32.767+05:30  INFO 2856 --- [backend] [restartedMain] com.example.backend.BackendApplication   : Starting BackendApplication using Java 17.0.10 with PID 2856 (D:\oop_cw\backend\target\classes started by Janul in D:\oop_cw)
2024-12-05T16:51:32.784+05:30  INFO 2856 --- [backend] [restartedMain] com.example.backend.BackendApplication   : No active profile set, falling back to 1 default profile: "default"
2024-12-05T16:51:32.916+05:30  INFO 2856 --- [backend] [restartedMain] .e.DevToolsPropertyDefaultsPostProcessor : Devtools property defaults active! Set 'spring.devtools.add-properties' to 'false' to disable
2024-12-05T16:51:32.919+05:30  INFO 2856 --- [backend] [restartedMain] .e.DevToolsPropertyDefaultsPostProcessor : For additional web related logging consider setting the 'logging.level.web' property to 'DEBUG'
2024-12-05T16:51:35.505+05:30  INFO 2856 --- [backend] [restartedMain] o.s.b.w.embedded.tomcat.TomcatWebServer  : Tomcat initialized with port 8080 (http)
2024-12-05T16:51:35.531+05:30  INFO 2856 --- [backend] [restartedMain] o.apache.catalina.core.StandardService   : Starting service [Tomcat]
2024-12-05T16:51:35.533+05:30  INFO 2856 --- [backend] [restartedMain] o.apache.catalina.core.StandardEngine    : Starting Servlet engine: [Apache Tomcat/10.1.31]
2024-12-05T16:51:35.655+05:30  INFO 2856 --- [backend] [restartedMain] o.a.c.c.C.[Tomcat].[localhost].[/]       : Initializing Spring embedded WebApplicationContext
2024-12-05T16:51:35.657+05:30  INFO 2856 --- [backend] [restartedMain] w.s.c.ServletWebServerApplicationContext : Root WebApplicationContext: initialization completed in 2733 ms
2024-12-05T16:51:37.111+05:30  INFO 2856 --- [backend] [restartedMain] o.s.b.d.a.OptionalLiveReloadServer       : LiveReload server is running on port 35729
2024-12-05T16:51:37.239+05:30  INFO 2856 --- [backend] [restartedMain] o.s.b.w.embedded.tomcat.TomcatWebServer  : Tomcat started on port 8080 (http) with context path ''
2024-12-05T16:51:37.312+05:30  INFO 2856 --- [backend] [restartedMain] com.example.backend.BackendApplication   : Started BackendApplication in 5.539 seconds (process running for 6.445)
2024-12-05T16:51:58.058+05:30  INFO 2856 --- [backend] [http-nio-8080-exec-4] o.a.c.c.C.[Tomcat].[localhost].[/]       : Initializing Spring DispatcherServlet 'dispatcherServlet'
2024-12-05T16:51:58.060+05:30  INFO 2856 --- [backend] [http-nio-8080-exec-4] o.s.web.servlet.DispatcherServlet        : Initializing Servlet 'dispatcherServlet'
2024-12-05T16:51:58.064+05:30  INFO 2856 --- [backend] [http-nio-8080-exec-4] o.s.web.servlet.DispatcherServlet        : Completed initialization in 3 ms
2024-12-05T16:52:08.035+05:30  INFO 2856 --- [backend] [http-nio-8080-exec-5] com.example.backend.service.Simulation   : Vendors created: 2
2024-12-05T16:52:17.876+05:30  INFO 2856 --- [backend] [http-nio-8080-exec-3] com.example.backend.service.Simulation   : Customers created: 1
2024-12-05T16:52:23.413+05:30  INFO 2856 --- [backend] [Thread-7] com.example.backend.model.Vendor         : Vendor: V1 added ticket: V1-T1 with price: 500.0
2024-12-05T16:52:23.413+05:30  INFO 2856 --- [backend] [Thread-8] com.example.backend.model.Vendor         : Vendor: V2 added ticket: V2-T1 with price: 1000.0
2024-12-05T16:52:24.420+05:30  INFO 2856 --- [backend] [Thread-7] com.example.backend.model.Vendor         : Vendor: V1 added ticket: V1-T2 with price: 500.0
2024-12-05T16:52:24.420+05:30  INFO 2856 --- [backend] [Thread-8] com.example.backend.model.Vendor         : Vendor: V2 added ticket: V2-T2 with price: 1000.0
2024-12-05T16:52:25.433+05:30  INFO 2856 --- [backend] [Thread-8] com.example.backend.model.Vendor         : Vendor: V2 added ticket: V2-T3 with price: 1000.0
2024-12-05T16:52:25.433+05:30  INFO 2856 --- [backend] [Thread-7] com.example.backend.model.Vendor         : Vendor: V1 added ticket: V1-T3 with price: 500.0
2024-12-05T16:52:26.449+05:30  INFO 2856 --- [backend] [Thread-7] com.example.backend.model.Vendor         : Vendor: V1 added ticket: V1-T4 with price: 500.0
2024-12-05T16:52:26.449+05:30  INFO 2856 --- [backend] [Thread-8] com.example.backend.model.Vendor         : Vendor: V2 added ticket: V2-T4 with price: 1000.0
2024-12-05T16:52:27.465+05:30  INFO 2856 --- [backend] [Thread-7] com.example.backend.model.Vendor         : Vendor: V1 added ticket: V1-T5 with price: 500.0
2024-12-05T16:52:27.465+05:30  INFO 2856 --- [backend] [Thread-8] com.example.backend.model.Vendor         : Vendor: V2 added ticket: V2-T5 with price: 1000.0
2024-12-05T16:52:27.465+05:30  INFO 2856 --- [backend] [Thread-9] com.example.backend.model.Customer       : John purchased ticket V2-T1 from vendor V2
2024-12-05T16:52:28.480+05:30  INFO 2856 --- [backend] [Thread-8] com.example.backend.model.Vendor         : Vendor: V2 added ticket: V2-T6 with price: 1000.0
2024-12-05T16:52:28.480+05:30  INFO 2856 --- [backend] [Thread-9] com.example.backend.model.Customer       : John purchased ticket V2-T2 from vendor V2
2024-12-05T16:52:28.480+05:30  INFO 2856 --- [backend] [Thread-7] com.example.backend.model.Vendor         : Vendor: V1 added ticket: V1-T6 with price: 500.0
2024-12-05T16:52:29.483+05:30  INFO 2856 --- [backend] [Thread-8] com.example.backend.model.Vendor         : Vendor: V2 added ticket: V2-T7 with price: 1000.0
2024-12-05T16:52:29.483+05:30  INFO 2856 --- [backend] [Thread-9] com.example.backend.model.Customer       : John purchased ticket V2-T3 from vendor V2
2024-12-05T16:52:29.484+05:30  INFO 2856 --- [backend] [Thread-7] com.example.backend.model.Vendor         : Vendor: V1 added ticket: V1-T7 with price: 500.0
2024-12-05T16:52:30.484+05:30  INFO 2856 --- [backend] [Thread-8] com.example.backend.model.Vendor         : Vendor: V2 added ticket: V2-T8 with price: 1000.0
2024-12-05T16:52:30.485+05:30  INFO 2856 --- [backend] [Thread-7] com.example.backend.model.Vendor         : Vendor: V1 added ticket: V1-T8 with price: 500.0
2024-12-05T16:52:30.485+05:30  INFO 2856 --- [backend] [Thread-9] com.example.backend.model.Customer       : John purchased ticket V2-T4 from vendor V2
2024-12-05T16:52:31.500+05:30  INFO 2856 --- [backend] [Thread-9] com.example.backend.model.Customer       : John purchased ticket V2-T5 from vendor V2
2024-12-05T16:52:31.501+05:30  INFO 2856 --- [backend] [Thread-8] com.example.backend.model.Vendor         : Vendor: V2 added ticket: V2-T9 with price: 1000.0
2024-12-05T16:52:31.500+05:30  INFO 2856 --- [backend] [Thread-7] com.example.backend.model.Vendor         : Vendor: V1 added ticket: V1-T9 with price: 500.0
2024-12-05T16:52:32.516+05:30  INFO 2856 --- [backend] [Thread-8] com.example.backend.model.Vendor         : Vendor: V2 added ticket: V2-T10 with price: 1000.0
2024-12-05T16:52:32.516+05:30  INFO 2856 --- [backend] [Thread-7] com.example.backend.model.Vendor         : Vendor: V1 added ticket: V1-T10 with price: 500.0
2024-12-05T16:52:33.520+05:30  INFO 2856 --- [backend] [Thread-8] com.example.backend.model.Vendor         : Vendor: V2 added ticket: V2-T11 with price: 1000.0
2024-12-05T16:52:33.520+05:30  INFO 2856 --- [backend] [Thread-7] com.example.backend.model.Vendor         : Vendor: V1 added ticket: V1-T11 with price: 500.0
2024-12-05T16:52:34.533+05:30  INFO 2856 --- [backend] [Thread-7] com.example.backend.model.Vendor         : Vendor: V1 added ticket: V1-T12 with price: 500.0
2024-12-05T16:52:34.533+05:30  INFO 2856 --- [backend] [Thread-8] com.example.backend.model.Vendor         : Vendor: V2 added ticket: V2-T12 with price: 1000.0
2024-12-05T16:52:35.538+05:30  INFO 2856 --- [backend] [Thread-8] com.example.backend.model.Vendor         : Vendor: V2 added ticket: V2-T13 with price: 1000.0
2024-12-05T16:52:35.538+05:30  INFO 2856 --- [backend] [Thread-7] com.example.backend.model.Vendor         : Vendor: V1 added ticket: V1-T13 with price: 500.0
2024-12-05T16:52:36.552+05:30  INFO 2856 --- [backend] [Thread-8] com.example.backend.model.Vendor         : Vendor: V2 added ticket: V2-T14 with price: 1000.0
2024-12-05T16:52:36.552+05:30  INFO 2856 --- [backend] [Thread-7] com.example.backend.model.Vendor         : Vendor: V1 added ticket: V1-T14 with price: 500.0
2024-12-05T16:52:37.565+05:30  INFO 2856 --- [backend] [Thread-8] com.example.backend.model.Vendor         : Vendor: V2 added ticket: V2-T15 with price: 1000.0
2024-12-05T16:52:37.565+05:30  INFO 2856 --- [backend] [Thread-7] com.example.backend.model.Vendor         : Vendor: V1 added ticket: V1-T15 with price: 500.0
2024-12-05T16:52:38.581+05:30  INFO 2856 --- [backend] [Thread-8] com.example.backend.model.Vendor         : Vendor: V2 added ticket: V2-T16 with price: 1000.0
2024-12-05T16:52:38.581+05:30  INFO 2856 --- [backend] [Thread-7] com.example.backend.model.Vendor         : Vendor: V1 added ticket: V1-T16 with price: 500.0
2024-12-05T16:52:39.596+05:30  INFO 2856 --- [backend] [Thread-8] com.example.backend.model.Vendor         : Vendor: V2 added ticket: V2-T17 with price: 1000.0
2024-12-05T16:52:39.596+05:30  INFO 2856 --- [backend] [Thread-7] com.example.backend.model.Vendor         : Vendor: V1 added ticket: V1-T17 with price: 500.0
2024-12-05T16:52:40.608+05:30  INFO 2856 --- [backend] [Thread-8] com.example.backend.model.Vendor         : Vendor: V2 added ticket: V2-T18 with price: 1000.0
2024-12-05T16:52:40.608+05:30  INFO 2856 --- [backend] [Thread-7] com.example.backend.model.Vendor         : Vendor: V1 added ticket: V1-T18 with price: 500.0
2024-12-05T16:52:41.612+05:30  INFO 2856 --- [backend] [Thread-7] com.example.backend.model.Vendor         : Vendor: V1 added ticket: V1-T19 with price: 500.0
2024-12-05T16:52:41.613+05:30  INFO 2856 --- [backend] [Thread-8] com.example.backend.model.Vendor         : Vendor: V2 added ticket: V2-T19 with price: 1000.0
2024-12-05T16:52:42.627+05:30  INFO 2856 --- [backend] [Thread-7] com.example.backend.model.Vendor         : Vendor: V1 added ticket: V1-T20 with price: 500.0
2024-12-05T16:52:42.628+05:30  INFO 2856 --- [backend] [Thread-8] com.example.backend.model.Vendor         : Vendor: V2 added ticket: V2-T20 with price: 1000.0
2024-12-05T16:52:43.642+05:30  INFO 2856 --- [backend] [Thread-7] com.example.backend.model.Vendor         : Vendor: V1 added ticket: V1-T21 with price: 500.0
2024-12-05T16:52:43.642+05:30  INFO 2856 --- [backend] [Thread-8] com.example.backend.model.Vendor         : Vendor: V2 added ticket: V2-T21 with price: 1000.0
2024-12-05T16:52:44.657+05:30  INFO 2856 --- [backend] [Thread-7] com.example.backend.model.Vendor         : Vendor: V1 added ticket: V1-T22 with price: 500.0
2024-12-05T16:52:44.657+05:30  INFO 2856 --- [backend] [Thread-8] com.example.backend.model.Vendor         : Vendor: V2 added ticket: V2-T22 with price: 1000.0
2024-12-05T16:52:45.672+05:30  INFO 2856 --- [backend] [Thread-8] com.example.backend.model.Vendor         : Vendor: V2 added ticket: V2-T23 with price: 1000.0
2024-12-05T16:52:45.672+05:30  INFO 2856 --- [backend] [Thread-7] com.example.backend.model.Vendor         : Vendor: V1 added ticket: V1-T23 with price: 500.0
2024-12-05T16:52:46.686+05:30  INFO 2856 --- [backend] [Thread-7] com.example.backend.model.Vendor         : Vendor: V1 added ticket: V1-T24 with price: 500.0
2024-12-05T16:52:46.686+05:30  INFO 2856 --- [backend] [Thread-8] com.example.backend.model.Vendor         : Vendor: V2 added ticket: V2-T24 with price: 1000.0
2024-12-05T16:52:47.703+05:30  INFO 2856 --- [backend] [Thread-8] com.example.backend.model.Vendor         : Vendor: V2 added ticket: V2-T25 with price: 1000.0
2024-12-05T16:52:47.703+05:30  INFO 2856 --- [backend] [Thread-7] com.example.backend.model.Vendor         : Vendor: V1 added ticket: V1-T25 with price: 500.0
2024-12-05T16:52:48.719+05:30  INFO 2856 --- [backend] [http-nio-8080-exec-2] com.example.backend.service.Simulation   : Simulation finished. Remaining tickets: 45
2024-12-05T17:04:22.305+05:30  INFO 9568 --- [backend] [restartedMain] com.example.backend.BackendApplication   : Starting BackendApplication using Java 17.0.10 with PID 9568 (D:\oop_cw\backend\target\classes started by Janul in D:\oop_cw)
2024-12-05T17:04:22.310+05:30  INFO 9568 --- [backend] [restartedMain] com.example.backend.BackendApplication   : No active profile set, falling back to 1 default profile: "default"
2024-12-05T17:04:22.434+05:30  INFO 9568 --- [backend] [restartedMain] .e.DevToolsPropertyDefaultsPostProcessor : Devtools property defaults active! Set 'spring.devtools.add-properties' to 'false' to disable
2024-12-05T17:04:22.434+05:30  INFO 9568 --- [backend] [restartedMain] .e.DevToolsPropertyDefaultsPostProcessor : For additional web related logging consider setting the 'logging.level.web' property to 'DEBUG'
2024-12-05T17:04:24.678+05:30  INFO 9568 --- [backend] [restartedMain] o.s.b.w.embedded.tomcat.TomcatWebServer  : Tomcat initialized with port 8080 (http)
2024-12-05T17:04:24.702+05:30  INFO 9568 --- [backend] [restartedMain] o.apache.catalina.core.StandardService   : Starting service [Tomcat]
2024-12-05T17:04:24.703+05:30  INFO 9568 --- [backend] [restartedMain] o.apache.catalina.core.StandardEngine    : Starting Servlet engine: [Apache Tomcat/10.1.31]
2024-12-05T17:04:24.798+05:30  INFO 9568 --- [backend] [restartedMain] o.a.c.c.C.[Tomcat].[localhost].[/]       : Initializing Spring embedded WebApplicationContext
2024-12-05T17:04:24.800+05:30  INFO 9568 --- [backend] [restartedMain] w.s.c.ServletWebServerApplicationContext : Root WebApplicationContext: initialization completed in 2363 ms
2024-12-05T17:04:25.632+05:30  INFO 9568 --- [backend] [restartedMain] o.s.b.d.a.OptionalLiveReloadServer       : LiveReload server is running on port 35729
2024-12-05T17:04:25.698+05:30  INFO 9568 --- [backend] [restartedMain] o.s.b.w.embedded.tomcat.TomcatWebServer  : Tomcat started on port 8080 (http) with context path ''
2024-12-05T17:04:25.727+05:30  INFO 9568 --- [backend] [restartedMain] com.example.backend.BackendApplication   : Started BackendApplication in 5.004 seconds (process running for 6.009)
2024-12-05T17:04:31.884+05:30  INFO 9568 --- [backend] [http-nio-8080-exec-1] o.a.c.c.C.[Tomcat].[localhost].[/]       : Initializing Spring DispatcherServlet 'dispatcherServlet'
2024-12-05T17:04:31.886+05:30  INFO 9568 --- [backend] [http-nio-8080-exec-1] o.s.web.servlet.DispatcherServlet        : Initializing Servlet 'dispatcherServlet'
2024-12-05T17:04:31.891+05:30  INFO 9568 --- [backend] [http-nio-8080-exec-1] o.s.web.servlet.DispatcherServlet        : Completed initialization in 3 ms
2024-12-05T17:04:47.738+05:30  INFO 9568 --- [backend] [http-nio-8080-exec-3] com.example.backend.service.Simulation   : Vendors created: 2
2024-12-05T17:04:52.646+05:30  INFO 9568 --- [backend] [http-nio-8080-exec-4] com.example.backend.service.Simulation   : Customers created: 1
2024-12-05T17:04:57.046+05:30  INFO 9568 --- [backend] [Thread-8] com.example.backend.model.Vendor         : Vendor: V2 added ticket: V2-T1 with price: 1000.0
2024-12-05T17:04:57.046+05:30  INFO 9568 --- [backend] [Thread-7] com.example.backend.model.Vendor         : Vendor: V1 added ticket: V1-T1 with price: 500.0
2024-12-05T17:04:58.061+05:30  INFO 9568 --- [backend] [Thread-8] com.example.backend.model.Vendor         : Vendor: V2 added ticket: V2-T2 with price: 1000.0
2024-12-05T17:04:58.062+05:30  INFO 9568 --- [backend] [Thread-7] com.example.backend.model.Vendor         : Vendor: V1 added ticket: V1-T2 with price: 500.0
2024-12-05T17:04:59.065+05:30  INFO 9568 --- [backend] [Thread-7] com.example.backend.model.Vendor         : Vendor: V1 added ticket: V1-T3 with price: 500.0
2024-12-05T17:04:59.065+05:30  INFO 9568 --- [backend] [Thread-8] com.example.backend.model.Vendor         : Vendor: V2 added ticket: V2-T3 with price: 1000.0
2024-12-05T17:05:00.078+05:30  INFO 9568 --- [backend] [Thread-7] com.example.backend.model.Vendor         : Vendor: V1 added ticket: V1-T4 with price: 500.0
2024-12-05T17:05:00.078+05:30  INFO 9568 --- [backend] [Thread-8] com.example.backend.model.Vendor         : Vendor: V2 added ticket: V2-T4 with price: 1000.0
2024-12-05T17:05:01.094+05:30  INFO 9568 --- [backend] [Thread-8] com.example.backend.model.Vendor         : Vendor: V2 added ticket: V2-T5 with price: 1000.0
2024-12-05T17:05:01.094+05:30  INFO 9568 --- [backend] [Thread-7] com.example.backend.model.Vendor         : Vendor: V1 added ticket: V1-T5 with price: 500.0
2024-12-05T17:05:01.094+05:30  INFO 9568 --- [backend] [Thread-9] com.example.backend.model.Customer       : John purchased ticket V2-T1 from vendor V2
2024-12-05T17:05:02.109+05:30  INFO 9568 --- [backend] [Thread-9] com.example.backend.model.Customer       : John purchased ticket V2-T2 from vendor V2
2024-12-05T17:05:02.109+05:30  INFO 9568 --- [backend] [Thread-8] com.example.backend.model.Vendor         : Vendor: V2 added ticket: V2-T6 with price: 1000.0
2024-12-05T17:05:02.109+05:30  INFO 9568 --- [backend] [Thread-7] com.example.backend.model.Vendor         : Vendor: V1 added ticket: V1-T6 with price: 500.0
2024-12-05T17:05:03.122+05:30  INFO 9568 --- [backend] [Thread-7] com.example.backend.model.Vendor         : Vendor: V1 added ticket: V1-T7 with price: 500.0
2024-12-05T17:05:03.122+05:30  INFO 9568 --- [backend] [Thread-8] com.example.backend.model.Vendor         : Vendor: V2 added ticket: V2-T7 with price: 1000.0
2024-12-05T17:05:03.122+05:30  INFO 9568 --- [backend] [Thread-9] com.example.backend.model.Customer       : John purchased ticket V2-T3 from vendor V2
2024-12-05T17:05:04.125+05:30  INFO 9568 --- [backend] [Thread-7] com.example.backend.model.Vendor         : Vendor: V1 added ticket: V1-T8 with price: 500.0
2024-12-05T17:05:04.125+05:30  INFO 9568 --- [backend] [Thread-8] com.example.backend.model.Vendor         : Vendor: V2 added ticket: V2-T8 with price: 1000.0
2024-12-05T17:05:04.140+05:30  INFO 9568 --- [backend] [Thread-9] com.example.backend.model.Customer       : John purchased ticket V2-T4 from vendor V2
2024-12-05T17:05:05.139+05:30  INFO 9568 --- [backend] [Thread-7] com.example.backend.model.Vendor         : Vendor: V1 added ticket: V1-T9 with price: 500.0
2024-12-05T17:05:05.139+05:30  INFO 9568 --- [backend] [Thread-8] com.example.backend.model.Vendor         : Vendor: V2 added ticket: V2-T9 with price: 1000.0
2024-12-05T17:05:05.155+05:30  INFO 9568 --- [backend] [Thread-9] com.example.backend.model.Customer       : John purchased ticket V2-T5 from vendor V2
2024-12-05T17:05:06.142+05:30  INFO 9568 --- [backend] [Thread-8] com.example.backend.model.Vendor         : Vendor: V2 added ticket: V2-T10 with price: 1000.0
2024-12-05T17:05:06.142+05:30  INFO 9568 --- [backend] [Thread-7] com.example.backend.model.Vendor         : Vendor: V1 added ticket: V1-T10 with price: 500.0
2024-12-05T17:05:07.153+05:30  INFO 9568 --- [backend] [Thread-7] com.example.backend.model.Vendor         : Vendor: V1 added ticket: V1-T11 with price: 500.0
2024-12-05T17:05:07.153+05:30  INFO 9568 --- [backend] [Thread-8] com.example.backend.model.Vendor         : Vendor: V2 added ticket: V2-T11 with price: 1000.0
2024-12-05T17:05:08.167+05:30  INFO 9568 --- [backend] [Thread-7] com.example.backend.model.Vendor         : Vendor: V1 added ticket: V1-T12 with price: 500.0
2024-12-05T17:05:08.167+05:30  INFO 9568 --- [backend] [Thread-8] com.example.backend.model.Vendor         : Vendor: V2 added ticket: V2-T12 with price: 1000.0
2024-12-05T17:05:09.184+05:30  INFO 9568 --- [backend] [Thread-7] com.example.backend.model.Vendor         : Vendor: V1 added ticket: V1-T13 with price: 500.0
2024-12-05T17:05:09.184+05:30  INFO 9568 --- [backend] [Thread-8] com.example.backend.model.Vendor         : Vendor: V2 added ticket: V2-T13 with price: 1000.0
2024-12-05T17:05:10.196+05:30  INFO 9568 --- [backend] [Thread-7] com.example.backend.model.Vendor         : Vendor: V1 added ticket: V1-T14 with price: 500.0
2024-12-05T17:05:10.196+05:30  INFO 9568 --- [backend] [Thread-8] com.example.backend.model.Vendor         : Vendor: V2 added ticket: V2-T14 with price: 1000.0
2024-12-05T17:05:11.211+05:30  INFO 9568 --- [backend] [Thread-7] com.example.backend.model.Vendor         : Vendor: V1 added ticket: V1-T15 with price: 500.0
2024-12-05T17:05:11.211+05:30  INFO 9568 --- [backend] [Thread-8] com.example.backend.model.Vendor         : Vendor: V2 added ticket: V2-T15 with price: 1000.0
2024-12-05T17:05:12.225+05:30  INFO 9568 --- [backend] [Thread-7] com.example.backend.model.Vendor         : Vendor: V1 added ticket: V1-T16 with price: 500.0
2024-12-05T17:05:12.225+05:30  INFO 9568 --- [backend] [Thread-8] com.example.backend.model.Vendor         : Vendor: V2 added ticket: V2-T16 with price: 1000.0
2024-12-05T17:05:13.240+05:30  INFO 9568 --- [backend] [Thread-8] com.example.backend.model.Vendor         : Vendor: V2 added ticket: V2-T17 with price: 1000.0
2024-12-05T17:05:13.240+05:30  INFO 9568 --- [backend] [Thread-7] com.example.backend.model.Vendor         : Vendor: V1 added ticket: V1-T17 with price: 500.0
2024-12-05T17:05:14.254+05:30  INFO 9568 --- [backend] [Thread-7] com.example.backend.model.Vendor         : Vendor: V1 added ticket: V1-T18 with price: 500.0
2024-12-05T17:05:14.254+05:30  INFO 9568 --- [backend] [Thread-8] com.example.backend.model.Vendor         : Vendor: V2 added ticket: V2-T18 with price: 1000.0
2024-12-05T17:05:15.271+05:30  INFO 9568 --- [backend] [Thread-7] com.example.backend.model.Vendor         : Vendor: V1 added ticket: V1-T19 with price: 500.0
2024-12-05T17:05:15.271+05:30  INFO 9568 --- [backend] [Thread-8] com.example.backend.model.Vendor         : Vendor: V2 added ticket: V2-T19 with price: 1000.0
2024-12-05T17:05:16.283+05:30  INFO 9568 --- [backend] [Thread-7] com.example.backend.model.Vendor         : Vendor: V1 added ticket: V1-T20 with price: 500.0
2024-12-05T17:05:16.283+05:30  INFO 9568 --- [backend] [Thread-8] com.example.backend.model.Vendor         : Vendor: V2 added ticket: V2-T20 with price: 1000.0
2024-12-05T17:05:17.288+05:30  INFO 9568 --- [backend] [Thread-8] com.example.backend.model.Vendor         : Vendor: V2 added ticket: V2-T21 with price: 1000.0
2024-12-05T17:05:17.288+05:30  INFO 9568 --- [backend] [Thread-7] com.example.backend.model.Vendor         : Vendor: V1 added ticket: V1-T21 with price: 500.0
2024-12-05T17:05:18.290+05:30  INFO 9568 --- [backend] [Thread-7] com.example.backend.model.Vendor         : Vendor: V1 added ticket: V1-T22 with price: 500.0
2024-12-05T17:05:18.290+05:30  INFO 9568 --- [backend] [Thread-8] com.example.backend.model.Vendor         : Vendor: V2 added ticket: V2-T22 with price: 1000.0
2024-12-05T17:05:19.294+05:30  INFO 9568 --- [backend] [Thread-8] com.example.backend.model.Vendor         : Vendor: V2 added ticket: V2-T23 with price: 1000.0
2024-12-05T17:05:19.294+05:30  INFO 9568 --- [backend] [Thread-7] com.example.backend.model.Vendor         : Vendor: V1 added ticket: V1-T23 with price: 500.0
2024-12-05T17:05:20.306+05:30  INFO 9568 --- [backend] [Thread-7] com.example.backend.model.Vendor         : Vendor: V1 added ticket: V1-T24 with price: 500.0
2024-12-05T17:05:20.306+05:30  INFO 9568 --- [backend] [Thread-8] com.example.backend.model.Vendor         : Vendor: V2 added ticket: V2-T24 with price: 1000.0
2024-12-05T17:05:21.321+05:30  INFO 9568 --- [backend] [Thread-7] com.example.backend.model.Vendor         : Vendor: V1 added ticket: V1-T25 with price: 500.0
2024-12-05T17:05:21.321+05:30  INFO 9568 --- [backend] [Thread-8] com.example.backend.model.Vendor         : Vendor: V2 added ticket: V2-T25 with price: 1000.0
2024-12-05T17:05:22.338+05:30  INFO 9568 --- [backend] [http-nio-8080-exec-5] com.example.backend.service.Simulation   : Simulation finished. Remaining tickets: 45
